1686620204534	geckodriver	INFO	Listening on 127.0.0.1:54826
1686620207654	mozrunner::runner	INFO	Running command: "C:\\Program Files (x86)\\Mozilla Firefox\\firefox.exe" "--marionette" "--remote-debugging-port" "54827" "--remote-allow-hosts" "localhost" "-no-remote" "-profile" "C:\\Users\\user\\AppData\\Local\\Temp\\rust_mozprofileW3FvIy"
console.warn: services.settings: Ignoring preference override of remote settings server
console.warn: services.settings: Allow by setting MOZ_REMOTE_SETTINGS_DEVTOOLS=1 in the environment
1686620209959	Marionette	INFO	Marionette enabled
Dynamically enable window occlusion 0
1686620209985	Marionette	INFO	Listening on port 54838
Read port: 54838
WebDriver BiDi listening on ws://127.0.0.1:54827
1686620210688	RemoteAgent	WARN	TLS certificate errors will be ignored for this session
DevTools listening on ws://127.0.0.1:54827/devtools/browser/72f9dab5-a257-43c6-bd7f-9e4b8b279e9e
JavaScript error: http://selenium1py.pythonanywhere.com/ru/catalogue/the-shellcoders-handbook_209/?promo=newYear, line 614: ReferenceError: oscar is not defined
console.warn: LoginRecipes: "Falling back to a synchronous message for: http://selenium1py.pythonanywhere.com."
1686620223123	Marionette	WARN	TimedPromise timed out after 500 ms: stacktrace:
TimedPromise/<@chrome://remote/content/marionette/sync.sys.mjs:221:24
TimedPromise@chrome://remote/content/marionette/sync.sys.mjs:205:10
interaction.flushEventLoop@chrome://remote/content/marionette/interaction.sys.mjs:424:10
webdriverClickElement@chrome://remote/content/marionette/interaction.sys.mjs:173:31
1686620238770	Marionette	INFO	Stopped listening on port 54838
Dynamically enable window occlusion 1
JavaScript error: resource://gre/modules/Prompter.sys.mjs, line 1192: NS_ERROR_NOT_AVAILABLE: prompt aborted by user
console.error: "DEPRECATION WARNING: Calling FileUtils.getDir(..., ..., true) causes main thread I/O and should be avoided especially during startup/shutdown\nYou may find more details about this deprecation at: https://bugzilla.mozilla.org/show_bug.cgi?id=921157\nresource://gre/modules/FileUtils.sys.mjs 62 FileUtils_getDir\nresource://gre/modules/UpdateService.sys.mjs 1056 getUpdateDirCreate\nresource://gre/modules/UpdateService.sys.mjs 1095 getUpdateFile\nresource://gre/modules/UpdateService.sys.mjs 4449 UM__loadXMLFileIntoArray\nresource://gre/modules/UpdateService.sys.mjs 4282 UpdateManager\nresource://gre/modules/XPCOMUtils.sys.mjs 137 defineLazyServiceGetter/<\nresource://gre/modules/UpdateService.sys.mjs 3381 get _pingSuffix\nresource://gre/modules/UpdateService.sys.mjs 3424 AUS__checkForBackgroundUpdates\nresource://gre/modules/UpdateService.sys.mjs 3369 AUS_notify\nresource://gre/modules/UpdateTimerManager.sys.mjs 205 TM_notify/</<\n"
console.error: "DEPRECATION WARNING: Calling FileUtils.getDir(..., ..., true) causes main thread I/O and should be avoided especially during startup/shutdown\nYou may find more details about this deprecation at: https://bugzilla.mozilla.org/show_bug.cgi?id=921157\nresource://gre/modules/FileUtils.sys.mjs 62 FileUtils_getDir\nresource://gre/modules/UpdateService.sys.mjs 1056 getUpdateDirCreate\nresource://gre/modules/UpdateService.sys.mjs 1095 getUpdateFile\nresource://gre/modules/UpdateService.sys.mjs 774 getCanApplyUpdates\nresource://gre/modules/UpdateService.sys.mjs 3432 AUS__checkForBackgroundUpdates\nresource://gre/modules/UpdateService.sys.mjs 3369 AUS_notify\nresource://gre/modules/UpdateTimerManager.sys.mjs 205 TM_notify/</<\n"
console.error: (new Error("Polling for changes failed: NetworkError: Network request failed.", "resource://services-settings/remote-settings.sys.mjs", 324))
1686620241137	addons.xpi	ERROR	System addon update list error Error: Failed downloading XML, status: 0, channelStatus: 2147500036, errorCode: 2, reason: error
1686620317498	geckodriver	INFO	Listening on 127.0.0.1:54944
1686620320599	mozrunner::runner	INFO	Running command: "C:\\Program Files (x86)\\Mozilla Firefox\\firefox.exe" "--marionette" "--remote-debugging-port" "54945" "--remote-allow-hosts" "localhost" "-no-remote" "-profile" "C:\\Users\\user\\AppData\\Local\\Temp\\rust_mozprofiler1u1kU"
console.warn: services.settings: Ignoring preference override of remote settings server
console.warn: services.settings: Allow by setting MOZ_REMOTE_SETTINGS_DEVTOOLS=1 in the environment
1686620323171	Marionette	INFO	Marionette enabled
Dynamically enable window occlusion 0
1686620323198	Marionette	INFO	Listening on port 54955
Read port: 54955
WebDriver BiDi listening on ws://127.0.0.1:54945
1686620324007	RemoteAgent	WARN	TLS certificate errors will be ignored for this session
DevTools listening on ws://127.0.0.1:54945/devtools/browser/9d9f55fe-44a3-441e-b02a-2d0bb36d8bd7
JavaScript error: http://selenium1py.pythonanywhere.com/ru/catalogue/the-shellcoders-handbook_209/?promo=newYear, line 614: ReferenceError: oscar is not defined
console.warn: LoginRecipes: "Falling back to a synchronous message for: http://selenium1py.pythonanywhere.com."
1686620336626	Marionette	WARN	TimedPromise timed out after 500 ms: stacktrace:
TimedPromise/<@chrome://remote/content/marionette/sync.sys.mjs:221:24
TimedPromise@chrome://remote/content/marionette/sync.sys.mjs:205:10
interaction.flushEventLoop@chrome://remote/content/marionette/interaction.sys.mjs:424:10
webdriverClickElement@chrome://remote/content/marionette/interaction.sys.mjs:173:31
1686620341978	Marionette	INFO	Stopped listening on port 54955
Dynamically enable window occlusion 1
JavaScript error: resource://gre/modules/Prompter.sys.mjs, line 1192: NS_ERROR_NOT_AVAILABLE: prompt aborted by user
1686622563442	geckodriver	INFO	Listening on 127.0.0.1:56532
1686622566592	mozrunner::runner	INFO	Running command: "C:\\Program Files (x86)\\Mozilla Firefox\\firefox.exe" "--marionette" "--remote-debugging-port" "56533" "--remote-allow-hosts" "localhost" "-no-remote" "-profile" "C:\\Users\\user\\AppData\\Local\\Temp\\rust_mozprofilepHJotD"
console.warn: services.settings: Ignoring preference override of remote settings server
console.warn: services.settings: Allow by setting MOZ_REMOTE_SETTINGS_DEVTOOLS=1 in the environment
1686622569091	Marionette	INFO	Marionette enabled
Dynamically enable window occlusion 0
1686622569119	Marionette	INFO	Listening on port 56544
Read port: 56544
WebDriver BiDi listening on ws://127.0.0.1:56533
1686622569911	RemoteAgent	WARN	TLS certificate errors will be ignored for this session
DevTools listening on ws://127.0.0.1:56533/devtools/browser/a2269623-0ef3-4c5c-9c13-04bd68c12fcf
JavaScript error: http://selenium1py.pythonanywhere.com/ru/catalogue/the-shellcoders-handbook_209/?promo=newYear, line 614: ReferenceError: oscar is not defined
console.warn: LoginRecipes: "Falling back to a synchronous message for: http://selenium1py.pythonanywhere.com."
1686622585273	Marionette	WARN	TimedPromise timed out after 500 ms: stacktrace:
TimedPromise/<@chrome://remote/content/marionette/sync.sys.mjs:221:24
TimedPromise@chrome://remote/content/marionette/sync.sys.mjs:205:10
interaction.flushEventLoop@chrome://remote/content/marionette/interaction.sys.mjs:424:10
webdriverClickElement@chrome://remote/content/marionette/interaction.sys.mjs:173:31
1686622590748	Marionette	INFO	Stopped listening on port 56544
Dynamically enable window occlusion 1
JavaScript error: resource://gre/modules/Prompter.sys.mjs, line 1192: NS_ERROR_NOT_AVAILABLE: prompt aborted by user
